<?xml version="1.0" encoding="UTF-8"?>
<!-- Generated by org.testng.reporters.JUnitXMLReporter -->
<testsuite hostname="DESKTOP-ARSCS60" ignored="0" name="Test" tests="7" failures="2" timestamp="23 Nov 2020 16:31:58 GMT" time="58.402" errors="0">
  <testcase name="login" time="26.308" classname="TestNGConcepts.PropetiesConcept"/>
  <testcase name="displayEmail" time="0.003" classname="TestNGConcepts.PersonalDetails"/>
  <testcase name="displayName" time="0.003" classname="TestNGConcepts.PersonalDetails"/>
  <testcase name="displayNumber" time="0.004" classname="TestNGConcepts.PersonalDetails"/>
  <testcase name="displayMessage" time="0.017" classname="TestNGConcepts.FirstNg"/>
  <testcase name="Login" time="23.924" classname="TestNGConcepts.SurveyLogin">
    <failure type="java.lang.AssertionError" message="Enter your username expected:&amp;lt;Enter your username&amp;gt; but was:&amp;lt;&amp;apos;Enter your username&amp;apos;,text is not matching&amp;gt;">
      <![CDATA[java.lang.AssertionError: Enter your username expected:<Enter your username> but was:<'Enter your username',text is not matching>
at TestNGConcepts.SurveyLogin.Login(SurveyLogin.java:31)
... Removed 26 stack frames]]>
    </failure>
  </testcase> <!-- Login -->
  <testcase name="launchGoogleApplication" time="8.019" classname="TestNGConcepts.GoogleApp">
    <failure type="java.lang.AssertionError" message="expected:&amp;lt;Google&amp;gt; but was:&amp;lt;Facebook&amp;gt;">
      <![CDATA[java.lang.AssertionError: expected:<Google> but was:<Facebook>
at TestNGConcepts.GoogleApp.launchGoogleApplication(GoogleApp.java:42)
... Removed 27 stack frames]]>
    </failure>
  </testcase> <!-- launchGoogleApplication -->
</testsuite> <!-- Test -->
